app/build/intermediates/proguard-rules/release/aapt_rules.txt
# Referenced at res/layout/abc_alert_dialog_material.xml:41
-keep class android.support.v4.widget.NestedScrollView { <init>(...); }

# Referenced at res/layout/abc_alert_dialog_button_bar_material.xml:43
# Referenced at res/layout/abc_alert_dialog_material.xml:52
# Referenced at res/layout/abc_alert_dialog_material.xml:66
# Referenced at res/layout/abc_alert_dialog_title_material.xml:56
-keep class android.support.v4.widget.Space { <init>(...); }

# Referenced at res/layout/abc_select_dialog_material.xml:23
-keep class android.support.v7.app.AlertController$RecycleListView { <init>(...); }

# Referenced at res/layout/abc_action_menu_item_layout.xml:17
-keep class android.support.v7.view.menu.ActionMenuItemView { <init>(...); }

# Referenced at res/layout/abc_expanded_menu_layout.xml:17
-keep class android.support.v7.view.menu.ExpandedMenuView { <init>(...); }

# Referenced at res/layout/abc_list_menu_item_layout.xml:17
# Referenced at res/layout/abc_popup_menu_item_layout.xml:17
-keep class android.support.v7.view.menu.ListMenuItemView { <init>(...); }

# Referenced at res/layout/abc_screen_toolbar.xml:27
-keep class android.support.v7.widget.ActionBarContainer { <init>(...); }

# Referenced at res/layout/abc_action_mode_bar.xml:19
# Referenced at res/layout/abc_screen_toolbar.xml:43
-keep class android.support.v7.widget.ActionBarContextView { <init>(...); }

# Referenced at res/layout/abc_screen_toolbar.xml:17
-keep class android.support.v7.widget.ActionBarOverlayLayout { <init>(...); }

# Referenced at res/layout/abc_action_menu_layout.xml:17
-keep class android.support.v7.widget.ActionMenuView { <init>(...); }

# Referenced at res/layout/abc_activity_chooser_view.xml:19
-keep class android.support.v7.widget.ActivityChooserView$InnerLayout { <init>(...); }

# Referenced at res/layout/abc_alert_dialog_material.xml:18
-keep class android.support.v7.widget.AlertDialogLayout { <init>(...); }

# Referenced at res/layout/abc_alert_dialog_button_bar_material.xml:26
-keep class android.support.v7.widget.ButtonBarLayout { <init>(...); }

# Referenced at res/layout/abc_screen_content_include.xml:19
-keep class android.support.v7.widget.ContentFrameLayout { <init>(...); }

# Referenced at res/layout/abc_alert_dialog_title_material.xml:45
-keep class android.support.v7.widget.DialogTitle { <init>(...); }

# Referenced at res/layout/abc_screen_simple_overlay_action_mode.xml:23
-keep class android.support.v7.widget.FitWindowsFrameLayout { <init>(...); }

# Referenced at res/layout/abc_dialog_title_material.xml:22
# Referenced at res/layout/abc_screen_simple.xml:17
-keep class android.support.v7.widget.FitWindowsLinearLayout { <init>(...); }

# Referenced at res/layout/abc_search_view.xml:75
-keep class android.support.v7.widget.SearchView$SearchAutoComplete { <init>(...); }

# Referenced at res/layout/abc_screen_toolbar.xml:36
-keep class android.support.v7.widget.Toolbar { <init>(...); }

# Referenced at res/layout/abc_screen_simple.xml:25
# Referenced at res/layout/abc_screen_simple_overlay_action_mode.xml:32
-keep class android.support.v7.widget.ViewStubCompat { <init>(...); }

# Referenced at full/release/AndroidManifest.xml:265
-keep class com.huawei.hms.activity.BridgeActivity { <init>(...); }

# Referenced at full/release/AndroidManifest.xml:284
-keep class com.huawei.hms.support.api.push.PushEventReceiver { <init>(...); }

# Referenced at full/release/AndroidManifest.xml:277
-keep class com.huawei.hms.update.provider.UpdateProvider { <init>(...); }

# Referenced at full/release/AndroidManifest.xml:233
-keep class com.meizu.cloud.pushsdk.NotificationService { <init>(...); }

# Referenced at full/release/AndroidManifest.xml:237
-keep class com.meizu.cloud.pushsdk.SystemReceiver { <init>(...); }

# Referenced at full/release/AndroidManifest.xml:57
-keep class com.qq.xgdemo1122.MainActivity { <init>(...); }

# Referenced at full/release/AndroidManifest.xml:66
-keep class com.qq.xgdemo1122.activity.AboutActivity { <init>(...); }

# Referenced at full/release/AndroidManifest.xml:92
-keep class com.qq.xgdemo1122.activity.DeviceActivity { <init>(...); }

# Referenced at full/release/AndroidManifest.xml:89
-keep class com.qq.xgdemo1122.activity.DiagnosisActivity { <init>(...); }

# Referenced at full/release/AndroidManifest.xml:80
-keep class com.qq.xgdemo1122.activity.HelpActivity { <init>(...); }

# Referenced at full/release/AndroidManifest.xml:83
-keep class com.qq.xgdemo1122.activity.MsgInfoActivity { <init>(...); }

# Referenced at full/release/AndroidManifest.xml:86
-keep class com.qq.xgdemo1122.activity.SettingActivity { <init>(...); }

# Referenced at full/release/AndroidManifest.xml:46
-keep class com.qq.xgdemo1122.app { <init>(...); }

# Referenced at res/layout/activity_diagnosis.xml:52
-keep class com.qq.xgdemo1122.common.ExtendedListView { <init>(...); }

# Referenced at full/release/AndroidManifest.xml:97
-keep class com.qq.xgdemo1122.receiver.MessageReceiver { <init>(...); }

# Referenced at full/release/AndroidManifest.xml:182
-keep class com.tencent.android.tpush.SettingsContentProvider { <init>(...); }

# Referenced at full/release/AndroidManifest.xml:126
-keep class com.tencent.android.tpush.XGPushActivity { <init>(...); }

# Referenced at full/release/AndroidManifest.xml:178
-keep class com.tencent.android.tpush.XGPushProvider { <init>(...); }

# Referenced at full/release/AndroidManifest.xml:136
-keep class com.tencent.android.tpush.XGPushReceiver { <init>(...); }

# Referenced at full/release/AndroidManifest.xml:110
-keep class com.tencent.android.tpush.cloudctr.network.CloudControlDownloadReceiver { <init>(...); }

# Referenced at full/release/AndroidManifest.xml:118
-keep class com.tencent.android.tpush.cloudctr.network.CloudControlDownloadService { <init>(...); }

# Referenced at full/release/AndroidManifest.xml:164
-keep class com.tencent.android.tpush.rpc.XGRemoteService { <init>(...); }

# Referenced at full/release/AndroidManifest.xml:173
-keep class com.tencent.android.tpush.service.XGPushServiceV4 { <init>(...); }

# Referenced at full/release/AndroidManifest.xml:312
-keep class com.tencent.mid.api.MidProvider { <init>(...); }

# Referenced at full/release/AndroidManifest.xml:291
-keep class com.tencent.otherpush.receiver.HwReceiver { <init>(...); }

# Referenced at full/release/AndroidManifest.xml:244
-keep class com.tencent.otherpush.receiver.MzReceiver { <init>(...); }

# Referenced at full/release/AndroidManifest.xml:220
-keep class com.tencent.otherpush.receiver.XmReceiver { <init>(...); }

# Referenced at full/release/AndroidManifest.xml:200
-keep class com.xiaomi.mipush.sdk.MessageHandleService { <init>(...); }

# Referenced at full/release/AndroidManifest.xml:196
-keep class com.xiaomi.mipush.sdk.PushMessageHandler { <init>(...); }

# Referenced at full/release/AndroidManifest.xml:190
-keep class com.xiaomi.push.service.XMJobService { <init>(...); }

# Referenced at full/release/AndroidManifest.xml:186
-keep class com.xiaomi.push.service.XMPushService { <init>(...); }

# Referenced at full/release/AndroidManifest.xml:203
-keep class com.xiaomi.push.service.receivers.NetworkStatusReceiver { <init>(...); }

# Referenced at full/release/AndroidManifest.xml:212
-keep class com.xiaomi.push.service.receivers.PingReceiver { <init>(...); }