app/build/outputs/mapping/release/seeds.txt
com.qq.xgdemo1122.MainActivity
com.qq.xgdemo1122.MainActivity: MainActivity()
com.qq.xgdemo1122.MainActivity$MsgReceiver
com.qq.xgdemo1122.R$anim: int abc_fade_in
com.qq.xgdemo1122.R$anim: int abc_fade_out
com.qq.xgdemo1122.R$anim: int abc_grow_fade_in_from_bottom
com.qq.xgdemo1122.R$anim: int abc_popup_enter
com.qq.xgdemo1122.R$anim: int abc_popup_exit
com.qq.xgdemo1122.R$anim: int abc_shrink_fade_out_from_bottom
com.qq.xgdemo1122.R$anim: int abc_slide_in_bottom
com.qq.xgdemo1122.R$anim: int abc_slide_in_top
com.qq.xgdemo1122.R$anim: int abc_slide_out_bottom
com.qq.xgdemo1122.R$anim: int abc_slide_out_top
com.qq.xgdemo1122.R$anim: int in
com.qq.xgdemo1122.R$anim: int in_animation
com.qq.xgdemo1122.R$anim: int out
com.qq.xgdemo1122.R$anim: int out_animation
com.qq.xgdemo1122.R$attr: int actionBarDivider
com.qq.xgdemo1122.R$attr: int actionBarItemBackground
com.qq.xgdemo1122.R$attr: int actionBarPopupTheme
com.qq.xgdemo1122.R$attr: int actionBarSize
com.qq.xgdemo1122.R$attr: int actionBarSplitStyle
com.qq.xgdemo1122.R$attr: int actionBarStyle
com.qq.xgdemo1122.R$attr: int actionBarTabBarStyle
com.qq.xgdemo1122.R$attr: int actionBarTabStyle
com.qq.xgdemo1122.R$attr: int actionBarTabTextStyle
com.qq.xgdemo1122.R$attr: int actionBarTheme
com.qq.xgdemo1122.R$attr: int actionBarWidgetTheme
com.qq.xgdemo1122.R$attr: int actionButtonStyle
com.qq.xgdemo1122.R$attr: int actionDropDownStyle
com.qq.xgdemo1122.R$attr: int actionLayout
com.qq.xgdemo1122.R$attr: int actionMenuTextAppearance
com.qq.xgdemo1122.R$attr: int actionMenuTextColor
com.qq.xgdemo1122.R$attr: int actionModeBackground
com.qq.xgdemo1122.R$attr: int actionModeCloseButtonStyle
com.qq.xgdemo1122.R$attr: int actionModeCloseDrawable
com.qq.xgdemo1122.R$attr: int actionModeCopyDrawable
com.qq.xgdemo1122.R$attr: int actionModeCutDrawable
com.qq.xgdemo1122.R$attr: int actionModeFindDrawable
com.qq.xgdemo1122.R$attr: int actionModePasteDrawable
com.qq.xgdemo1122.R$attr: int actionModePopupWindowStyle
com.qq.xgdemo1122.R$attr: int actionModeSelectAllDrawable
com.qq.xgdemo1122.R$attr: int actionModeShareDrawable
com.qq.xgdemo1122.R$attr: int actionModeSplitBackground
com.qq.xgdemo1122.R$attr: int actionModeStyle
com.qq.xgdemo1122.R$attr: int actionModeWebSearchDrawable
com.qq.xgdemo1122.R$bool: int abc_action_bar_embed_tabs
com.qq.xgdemo1122.R$bool: int abc_allow_stacked_button_bar
com.qq.xgdemo1122.R$bool: int abc_config_actionMenuItemAllCaps
com.qq.xgdemo1122.R$bool: int abc_config_closeDialogWhenTouchOutside
com.qq.xgdemo1122.R$bool: int abc_config_showMenuShortcutsWhenKeyboardPresent
...
com.tencent.android.tpush.common.g
com.tencent.android.tpush.common.g: java.lang.String a(java.lang.String)
com.tencent.android.tpush.common.g: boolean a(android.content.Context,java.lang.String,java.lang.String,boolean)
com.tencent.android.tpush.common.g: java.lang.String a(android.content.Context,java.lang.String,boolean)
com.tencent.android.tpush.common.g: boolean a(android.content.Context,java.lang.String,int)
com.tencent.android.tpush.common.g: int b(android.content.Context,java.lang.String,int)
com.tencent.android.tpush.common.h
com.tencent.android.tpush.common.h: com.tencent.android.tpush.common.j a
com.tencent.android.tpush.common.h: com.tencent.android.tpush.common.j a(android.content.Context)
com.tencent.android.tpush.common.h: long a(android.content.Context,java.lang.String,long)
com.tencent.android.tpush.common.h: void b(android.content.Context,java.lang.String,long)
com.tencent.android.tpush.common.h: int a(android.content.Context,java.lang.String,int)
com.tencent.android.tpush.common.h: void b(android.content.Context,java.lang.String,int)
com.tencent.android.tpush.common.h: java.lang.String a(android.content.Context,java.lang.String,java.lang.String)
com.tencent.android.tpush.common.h: void b(android.content.Context,java.lang.String,java.lang.String)
com.tencent.android.tpush.common.h: void a(android.content.Context,java.lang.String)
com.tencent.android.tpush.common.h: void <clinit>()
com.tencent.android.tpush.common.i
com.tencent.android.tpush.common.i: com.tencent.android.tpush.common.i a
com.tencent.android.tpush.common.i: android.content.Context b
com.tencent.android.tpush.common.i: java.lang.String c
com.tencent.android.tpush.common.i: java.lang.String d
com.tencent.android.tpush.common.i: i(android.content.Context)
com.tencent.android.tpush.common.i: com.tencent.android.tpush.common.i a(android.content.Context)
com.tencent.android.tpush.common.i: java.lang.String a()
com.tencent.android.tpush.common.i: void <clinit>()
com.tencent.android.tpush.common.j
com.tencent.android.tpush.common.j: com.tencent.android.tpush.common.j a
com.tencent.android.tpush.common.j: android.content.Context b
com.tencent.android.tpush.common.j: com.tencent.android.tpush.common.j a(android.content.Context)
com.tencent.android.tpush.common.j: j(android.content.Context)
com.tencent.android.tpush.common.j: com.tencent.android.tpush.common.j$a a()
com.tencent.android.tpush.common.j: java.lang.String a(java.lang.String,java.lang.String)
com.tencent.android.tpush.common.j: long a(java.lang.String,long)
com.tencent.android.tpush.common.j: int a(java.lang.String,int)
com.tencent.android.tpush.common.j: void <clinit>()
com.tencent.android.tpush.common.j$1
com.tencent.android.tpush.common.j$a
com.tencent.android.tpush.common.j$a: android.content.Context a
com.tencent.android.tpush.common.j$a: android.content.ContentValues b
com.tencent.android.tpush.common.j$a: j$a(android.content.Context)
com.tencent.android.tpush.common.j$a: void a()
com.tencent.android.tpush.common.j$a: void b()
com.tencent.android.tpush.common.j$a: com.tencent.android.tpush.common.j$a a(java.lang.String,java.lang.String)
com.tencent.android.tpush.common.j$a: com.tencent.android.tpush.common.j$a a(java.lang.String,long)
com.tencent.android.tpush.common.j$a: com.tencent.android.tpush.common.j$a a(java.lang.String,int)
com.tencent.android.tpush.common.j$a: void a(java.lang.String)
com.tencent.android.tpush.common.j$a: j$a(android.content.Context,com.tencent.android.tpush.common.j$1)