app/build/outputs/mapping/release/mapping.txt
com.qq.xgdemo1122.MainActivity -> com.qq.xgdemo1122.MainActivity:
    android.widget.LinearLayout bloadLayout -> a
    android.widget.LinearLayout tloadLayout -> b
    android.widget.TextView bloadInfo -> c
    android.widget.TextView tloadInfo -> d
    android.widget.ListView pushListV -> e
    com.qq.xgdemo1122.common.NotificationService notificationService -> f
    com.qq.xgdemo1122.MainActivity$pushAdapter adapter -> g
    int currentPage -> h
    int allRecorders -> i
    int pageSize -> j
    boolean isLast -> k
    int firstItem -> l
    int lastItem -> m
    java.lang.String id -> n
    boolean isUpdate -> o
    com.qq.xgdemo1122.MainActivity$MsgReceiver updateListViewReceiver -> p
    android.os.Message m -> q
    android.content.Context context -> r
    60:79:void <init>() -> <init>
    89:152:void onCreate(android.os.Bundle) -> onCreate
    157:213:void intiView() -> a
    254:256:void onNewIntent(android.content.Intent) -> onNewIntent
    261:269:void onResume() -> onResume
    273:275:void onDestroy() -> onDestroy
    279:282:void onPause() -> onPause
    285:363:void showSpinner() -> b
    454:466:void onItemClick(android.widget.AdapterView,android.view.View,int,long) -> onItemClick
    470:478:void onScroll(android.widget.AbsListView,int,int,int) -> onScroll
    483:528:void onScrollStateChanged(android.widget.AbsListView,int) -> onScrollStateChanged
    532:542:void getOverflowMenu() -> c
    546:552:void getNotifications(java.lang.String) -> a
com.qq.xgdemo1122.MainActivity$1 -> com.qq.xgdemo1122.MainActivity$1:
    com.qq.xgdemo1122.MainActivity this$0 -> a
    122:122:void <init>(com.qq.xgdemo1122.MainActivity) -> <init>
    125:129:void onSuccess(java.lang.Object,int) -> onSuccess
    133:140:void onFail(java.lang.Object,int,java.lang.String) -> onFail
com.qq.xgdemo1122.MainActivity$2 -> com.qq.xgdemo1122.MainActivity$2:
    com.qq.xgdemo1122.MainActivity this$0 -> a
    207:207:void <init>(com.qq.xgdemo1122.MainActivity) -> <init>
    210:211:void onClick(android.view.View) -> onClick
com.qq.xgdemo1122.MainActivity$3 -> com.qq.xgdemo1122.MainActivity$3:
    android.widget.PopupWindow val$pw -> a
    com.qq.xgdemo1122.MainActivity this$0 -> b
    304:304:void <init>(com.qq.xgdemo1122.MainActivity,android.widget.PopupWindow) -> <init>
    307:311:void onClick(android.view.View) -> onClick
com.qq.xgdemo1122.MainActivity$4 -> com.qq.xgdemo1122.MainActivity$4:
    android.widget.PopupWindow val$pw -> a
    com.qq.xgdemo1122.MainActivity this$0 -> b
    313:313:void <init>(com.qq.xgdemo1122.MainActivity,android.widget.PopupWindow) -> <init>
    316:320:void onClick(android.view.View) -> onClick
com.qq.xgdemo1122.MainActivity$5 -> com.qq.xgdemo1122.MainActivity$5:
    android.widget.PopupWindow val$pw -> a
    com.qq.xgdemo1122.MainActivity this$0 -> b
    322:322:void <init>(com.qq.xgdemo1122.MainActivity,android.widget.PopupWindow) -> <init>
    325:329:void onClick(android.view.View) -> onClick
com.qq.xgdemo1122.MainActivity$6 -> com.qq.xgdemo1122.MainActivity$6:
    android.widget.PopupWindow val$pw -> a
    com.qq.xgdemo1122.MainActivity this$0 -> b
    331:331:void <init>(com.qq.xgdemo1122.MainActivity,android.widget.PopupWindow) -> <init>
    334:342:void onClick(android.view.View) -> onClick
com.qq.xgdemo1122.MainActivity$7 -> com.qq.xgdemo1122.MainActivity$7:
    android.widget.PopupWindow val$pw -> a
    com.qq.xgdemo1122.MainActivity this$0 -> b
    344:344:void <init>(com.qq.xgdemo1122.MainActivity,android.widget.PopupWindow) -> <init>
    347:351:void onClick(android.view.View) -> onClick
com.qq.xgdemo1122.MainActivity$8 -> com.qq.xgdemo1122.MainActivity$8:
    android.widget.PopupWindow val$pw -> a
    com.qq.xgdemo1122.MainActivity this$0 -> b
    353:353:void <init>(com.qq.xgdemo1122.MainActivity,android.widget.PopupWindow) -> <init>
    356:360:void onClick(android.view.View) -> onClick
...
android.support.v7.widget.ActionMenuPresenter$SavedState$1 -> android.support.v7.widget.ActionMenuPresenter$SavedState$1:
    627:627:void <init>() -> <init>
    629:629:android.support.v7.widget.ActionMenuPresenter$SavedState createFromParcel(android.os.Parcel) -> a
    633:633:android.support.v7.widget.ActionMenuPresenter$SavedState[] newArray(int) -> a
    627:627:java.lang.Object[] newArray(int) -> newArray
    627:627:java.lang.Object createFromParcel(android.os.Parcel) -> createFromParcel
android.support.v7.widget.ActionMenuView -> android.support.v7.widget.ActionMenuView:
    android.support.v7.view.menu.MenuBuilder mMenu -> c
    android.content.Context mPopupContext -> d
    int mPopupTheme -> e
    boolean mReserveOverflow -> f
    android.support.v7.widget.ActionMenuPresenter mPresenter -> g
    android.support.v7.view.menu.MenuPresenter$Callback mActionMenuPresenterCallback -> h
    android.support.v7.view.menu.MenuBuilder$Callback mMenuBuilderCallback -> a
    boolean mFormatItems -> i
    int mFormatItemsWidth -> j
    int mMinCellSize -> k
    int mGeneratedItemPadding -> l
    android.support.v7.widget.ActionMenuView$OnMenuItemClickListener mOnMenuItemClickListener -> b
    75:76:void <init>(android.content.Context) -> <init>
    79:86:void <init>(android.content.Context,android.util.AttributeSet) -> <init>
    96:104:void setPopupTheme(int) -> setPopupTheme
    112:112:int getPopupTheme() -> getPopupTheme
    121:123:void setPresenter(android.support.v7.widget.ActionMenuPresenter) -> setPresenter
    127:137:void onConfigurationChanged(android.content.res.Configuration) -> onConfigurationChanged
    140:141:void setOnMenuItemClickListener(android.support.v7.widget.ActionMenuView$OnMenuItemClickListener) -> setOnMenuItemClickListener
    146:173:void onMeasure(int,int) -> onMeasure
    177:386:void onMeasureExactFormat(int,int) -> c
    403:433:int measureChildForCells(android.view.View,int,int,int,int) -> a
android.support.v7.widget.ActionMenuView$ActionMenuChildView -> android.support.v7.widget.ActionMenuView$a:
    boolean needsDividerBefore() -> c
    boolean needsDividerAfter() -> d
android.support.v7.widget.ActionMenuView$ActionMenuPresenterCallback -> android.support.v7.widget.ActionMenuView$b:
    android.support.v7.widget.ActionMenuView this$0 -> a
    788:789:void <init>(android.support.v7.widget.ActionMenuView) -> <init>
    793:793:void onCloseMenu(android.support.v7.view.menu.MenuBuilder,boolean) -> a
    797:797:boolean onOpenSubMenu(android.support.v7.view.menu.MenuBuilder) -> a
android.support.v7.widget.ActionMenuView$LayoutParams -> android.support.v7.widget.ActionMenuView$LayoutParams:
    boolean isOverflowButton -> a
    int cellsUsed -> b
    int extraPixels -> c
    boolean expandable -> d
    boolean preventEdgeOffset -> e
    boolean expanded -> f
    828:829:void <init>(android.content.Context,android.util.AttributeSet) -> <init>
    832:833:void <init>(android.view.ViewGroup$LayoutParams) -> <init>
    836:838:void <init>(android.support.v7.widget.ActionMenuView$LayoutParams) -> <init>
    841:843:void <init>(int,int) -> <init>
android.support.v7.widget.ActionMenuView$MenuBuilderCallback -> android.support.v7.widget.ActionMenuView$c:
    android.support.v7.widget.ActionMenuView this$0 -> a
    770:771:void <init>(android.support.v7.widget.ActionMenuView) -> <init>
    775:776:boolean onMenuItemSelected(android.support.v7.view.menu.MenuBuilder,android.view.MenuItem) -> a
    781:784:void onMenuModeChange(android.support.v7.view.menu.MenuBuilder) -> a
android.support.v7.widget.ActionMenuView$OnMenuItemClickListener -> android.support.v7.widget.ActionMenuView$d:
    boolean onMenuItemClick(android.view.MenuItem) -> a