app/build/outputs/mapping/release/usage.txt
com.qq.xgdemo1122.BuildConfig
com.qq.xgdemo1122.MainActivity:
    private static final int lineSize
    private java.lang.String token
    222:249:private void initCustomPushNotificationBuilder(android.content.Context)
com.qq.xgdemo1122.Manifest
com.qq.xgdemo1122.Manifest$permission
com.qq.xgdemo1122.R:
    10:10:public R()
com.qq.xgdemo1122.R$anim
com.qq.xgdemo1122.R$attr
com.qq.xgdemo1122.R$bool
com.qq.xgdemo1122.R$color
com.qq.xgdemo1122.R$dimen
com.qq.xgdemo1122.R$drawable
com.qq.xgdemo1122.R$id
com.qq.xgdemo1122.R$integer
com.qq.xgdemo1122.R$layout
com.qq.xgdemo1122.R$raw
com.qq.xgdemo1122.R$string
com.qq.xgdemo1122.R$style
com.qq.xgdemo1122.R$styleable:
    2709:2709:public R$styleable()
com.qq.xgdemo1122.activity.SettingActivity:
    47:71:public void initNotificationBuilder(android.content.Context)
    80:108:private void initCustomPushNotificationBuilder(android.content.Context)
    113:168:private void initLocalMessage()
com.qq.xgdemo1122.bean.ClickAction:
    public static final int TYPE_ACTIVITY
    public static final int TYPE_URL
    public static final int TYPE_INTENT
    public static final int TYPE_PACKAGE
    19:20:public void setActivity(java.lang.String)
    27:28:public void setConfirmOnUrl(int)
    31:32:public void setIntent(java.lang.String)
    35:36:public void setAtyAttrIntentFlag(int)
    39:40:public void setAtyAttrPendingIntentFlag(int)
    43:44:public void setPackageDownloadUrl(java.lang.String)
    47:48:public void setConfirmOnPackageDownloadUrl(int)
    51:52:public void setPackageName(java.lang.String)
    55:75:public java.lang.String toJson()
com.qq.xgdemo1122.bean.Message:
    public static final int TYPE_NOTIFICATION
    public static final int TYPE_MESSAGE
    43:44:public void setExpireTime(int)
    51:52:public void setSendTime(java.lang.String)
    63:68:public java.lang.String acceptTimeToJson()
    89:90:public void setMultiPkg(int)
    109:110:public void setRaw(java.lang.String)
    113:113:public int getLoopInterval()
    117:118:public void setLoopInterval(int)
    121:121:public int getLoopTimes()
    125:126:public void setLoopTimes(int)
com.qq.xgdemo1122.bean.MessageIOS
com.qq.xgdemo1122.bean.Style:
    61:62:public void setRingRaw(java.lang.String)
    69:70:public void setIconRes(java.lang.String)
    77:78:public void setSmallIcon(java.lang.String)
com.qq.xgdemo1122.bean.TagTokenPair
com.qq.xgdemo1122.bean.XGNotification:
    17:18:public void setId(java.lang.Integer)
    46:46:public java.lang.Integer getId()
com.qq.xgdemo1122.common.CommonWorkingThread:
    26:30:public boolean execute(java.lang.Runnable)
    44:44:public android.os.Handler getHandler()
com.qq.xgdemo1122.common.CommonWorkingThread$CommonWorkingThreadHolder:
    16:16:public CommonWorkingThread$CommonWorkingThreadHolder()
com.qq.xgdemo1122.common.NotificationService:
    42:44:public void delete(java.lang.Integer)
    52:62:public void update(com.qq.xgdemo1122.bean.XGNotification)
    65:84:public com.qq.xgdemo1122.bean.XGNotification find(java.lang.Integer)
...
android.support.annotation.AnimRes
android.support.annotation.AnimatorRes
android.support.annotation.AnyRes
android.support.annotation.AnyThread
android.support.annotation.ArrayRes
android.support.annotation.AttrRes
android.support.annotation.BinderThread
android.support.annotation.BoolRes
android.support.annotation.CallSuper
android.support.annotation.CheckResult
android.support.annotation.ColorInt
android.support.annotation.ColorRes
android.support.annotation.DimenRes
android.support.annotation.Dimension
android.support.annotation.DrawableRes
android.support.annotation.FloatRange
android.support.annotation.FractionRes
android.support.annotation.IdRes
android.support.annotation.IntDef
android.support.annotation.IntRange
android.support.annotation.IntegerRes
android.support.annotation.InterpolatorRes
android.support.annotation.LayoutRes
android.support.annotation.MainThread
android.support.annotation.MenuRes
android.support.annotation.NonNull
android.support.annotation.Nullable
android.support.annotation.PluralsRes
android.support.annotation.Px
android.support.annotation.RawRes
android.support.annotation.RequiresApi
android.support.annotation.RequiresPermission
android.support.annotation.RequiresPermission$Read
android.support.annotation.RequiresPermission$Write
android.support.annotation.RestrictTo
android.support.annotation.RestrictTo$Scope
android.support.annotation.Size
android.support.annotation.StringDef
android.support.annotation.StringRes
android.support.annotation.StyleRes
android.support.annotation.StyleableRes
android.support.annotation.TransitionRes
android.support.annotation.UiThread
android.support.annotation.VisibleForTesting
android.support.annotation.WorkerThread
android.support.annotation.XmlRes
android.support.compat.BuildConfig
android.support.compat.R
android.support.coreui.BuildConfig
android.support.coreui.R
android.support.coreutils.BuildConfig
android.support.coreutils.R
android.support.fragment.BuildConfig
android.support.fragment.R
android.support.graphics.drawable.AndroidResources:
    static final int styleable_VectorDrawable_alpha
    static final int styleable_VectorDrawable_autoMirrored
    static final int styleable_VectorDrawable_height
    static final int styleable_VectorDrawable_name
    static final int styleable_VectorDrawable_tint
    static final int styleable_VectorDrawable_tintMode
    static final int styleable_VectorDrawable_viewportHeight
    static final int styleable_VectorDrawable_viewportWidth
    static final int styleable_VectorDrawable_width
    static final int styleable_VectorDrawableGroup_name
    static final int styleable_VectorDrawableGroup_pivotX
    static final int styleable_VectorDrawableGroup_pivotY
    static final int styleable_VectorDrawableGroup_rotation
    static final int styleable_VectorDrawableGroup_scaleX
    static final int styleable_VectorDrawableGroup_scaleY
    static final int styleable_VectorDrawableGroup_translateX
    static final int styleable_VectorDrawableGroup_translateY
    static final int styleable_VectorDrawablePath_fillAlpha
    static final int styleable_VectorDrawablePath_fillColor
    static final int styleable_VectorDrawablePath_name
    static final int styleable_VectorDrawablePath_pathData
    static final int styleable_VectorDrawablePath_strokeAlpha
    static final int styleable_VectorDrawablePath_strokeColor
    static final int styleable_VectorDrawablePath_strokeLineCap
android.support.graphics.drawable.AnimatedVectorDrawableCompat:
    private static final java.lang.String LOGTAG
    private static final java.lang.String ANIMATED_VECTOR
    private static final java.lang.String TARGET
    private static final boolean DBG_ANIMATION_VECTOR_DRAWABLE
    android.support.graphics.drawable.AnimatedVectorDrawableCompat$AnimatedVectorDrawableDelegateState mCachedConstantStateDelegate
    127:155:public static android.support.graphics.drawable.AnimatedVectorDrawableCompat create(android.content.Context,int)